#
# There is insufficient memory for the Java Runtime Environment to continue.
# Native memory allocation (mmap) failed to map 394264576 bytes for G1 virtual space
# Possible reasons:
#   The system is out of physical RAM or swap space
#   The process is running with CompressedOops enabled, and the Java Heap may be blocking the growth of the native heap
# Possible solutions:
#   Reduce memory load on the system
#   Increase physical memory or swap space
#   Check if swap backing store is full
#   Decrease Java heap size (-Xmx/-Xms)
#   Decrease number of Java threads
#   Decrease Java thread stack sizes (-Xss)
#   Set larger code cache with -XX:ReservedCodeCacheSize=
#   JVM is running with Zero Based Compressed Oops mode in which the Java heap is
#     placed in the first 32GB address space. The Java Heap base address is the
#     maximum limit for the native heap growth. Please use -XX:HeapBaseMinAddress
#     to set the Java Heap base and to place the Java Heap above 32GB virtual address.
# This output file may be truncated or incomplete.
#
#  Out of Memory Error (os_windows.cpp:3603), pid=6068, tid=30816
#
# JRE version:  (21.0.9+7) (build )
# Java VM: Java HotSpot(TM) 64-Bit Server VM (21.0.9+7-LTS-338, mixed mode, sharing, tiered, compressed oops, compressed class ptrs, g1 gc, windows-amd64)
# No core dump will be written. Minidumps are not enabled by default on client versions of Windows
#

---------------  S U M M A R Y ------------

Command Line: -javaagent:C:\Program Files\JetBrains\IntelliJ IDEA 2025.2.4\lib\idea_rt.jar=59530 -Dfile.encoding=UTF-8 -Dsun.stdout.encoding=UTF-8 -Dsun.stderr.encoding=UTF-8 com.config.configserver.ConfigserverApplication

Host: AMD Ryzen 7 4800H with Radeon Graphics         , 16 cores, 23G,  Windows 11 , 64 bit Build 26100 (10.0.26100.7623)
Time: Thu Jan 22 23:25:31 2026 India Standard Time elapsed time: 1.123333 seconds (0d 0h 0m 1s)

---------------  T H R E A D  ---------------

Current thread (0x0000017ab786c530):  JavaThread "Unknown thread" [_thread_in_vm, id=30816, stack(0x00000049f0900000,0x00000049f0a00000) (1024K)]

Stack: [0x00000049f0900000,0x00000049f0a00000]
Native frames: (J=compiled Java code, j=interpreted, Vv=VM code, C=native code)
V  [jvm.dll+0x6cbf89]
V  [jvm.dll+0x858421]
V  [jvm.dll+0x85a94e]
V  [jvm.dll+0x85b023]
V  [jvm.dll+0x27ebc6]
V  [jvm.dll+0x6c8705]
V  [jvm.dll+0x6bd26a]
V  [jvm.dll+0x354a0a]
V  [jvm.dll+0x35c686]
V  [jvm.dll+0x3af79e]
V  [jvm.dll+0x3afa48]
V  [jvm.dll+0x328d1c]
V  [jvm.dll+0x32987b]
V  [jvm.dll+0x821739]
V  [jvm.dll+0x3bc481]
V  [jvm.dll+0x80a9b8]
V  [jvm.dll+0x45166e]
V  [jvm.dll+0x453261]
C  [jli.dll+0x52a3]
C  [ucrtbase.dll+0x37b0]
C  [KERNEL32.DLL+0x2e8d7]
C  [ntdll.dll+0x8c53c]


---------------  P R O C E S S  ---------------

Threads class SMR info:
_java_thread_list=0x00007fff068efc08, length=0, elements={
}

Java Threads: ( => current thread )
Total: 0

Other Threads:
  0x0000017ab9b63560 WorkerThread "GC Thread#0"                     [id=46752, stack(0x00000049f0a00000,0x00000049f0b00000) (1024K)]
  0x0000017ab9b70050 ConcurrentGCThread "G1 Main Marker"            [id=16452, stack(0x00000049f0b00000,0x00000049f0c00000) (1024K)]
  0x0000017ab9b749a0 WorkerThread "G1 Conc#0"                       [id=41588, stack(0x00000049f0c00000,0x00000049f0d00000) (1024K)]

[error occurred during error reporting (printing all threads), id 0xc0000005, EXCEPTION_ACCESS_VIOLATION (0xc0000005) at pc=0x00007fff0605b4a7]
VM state: not at safepoint (not fully initialized)

VM Mutex/Monitor currently owned by a thread:  ([mutex/lock_event])
[0x00007fff06960ef0] Heap_lock - owner thread: 0x0000017ab786c530

Heap address: 0x000000068a000000, size: 5984 MB, Compressed Oops mode: Zero based, Oop shift amount: 3

CDS archive(s) mapped at: [0x0000000000000000-0x0000000000000000-0x0000000000000000), size 0, SharedBaseAddress: 0x0000000800000000, ArchiveRelocationMode: 1.
Narrow klass base: 0x0000000000000000, Narrow klass shift: 0, Narrow klass range: 0x0

GC Precious Log:
 CardTable entry size: 512
 Card Set container configuration: InlinePtr #cards 4 size 8 Array Of Cards #cards 32 size 80 Howl #buckets 8 coarsen threshold 7372 Howl Bitmap #cards 1024 size 144 coarsen threshold 921 Card regions per heap region 1 cards per card region 8192

Heap:
 garbage-first heap   total 0K, used 0K [0x000000068a000000, 0x0000000800000000)
  region size 4096K, 0 young (0K), 0 survivors (0K)

[error occurred during error reporting (printing heap information), id 0xc0000005, EXCEPTION_ACCESS_VIOLATION (0xc0000005) at pc=0x00007fff06444ff9]
GC Heap History (0 events):
No events

Dll operation events (1 events):
Event: 0.011 Loaded shared library C:\Program Files\Java\jdk-21\bin\java.dll

Deoptimization events (0 events):
No events

Classes loaded (0 events):
No events

Classes unloaded (0 events):
No events

Classes redefined (0 events):
No events

Internal exceptions (0 events):
No events

ZGC Phase Switch (0 events):
No events

VM Operations (0 events):
No events

Events (0 events):
No events


Dynamic libraries:
0x00007ff6f2cf0000 - 0x00007ff6f2d00000 	C:\Program Files\Java\jdk-21\bin\java.exe
0x00007fffc7f80000 - 0x00007fffc81e7000 	C:\WINDOWS\SYSTEM32\ntdll.dll
0x00007fffc62f0000 - 0x00007fffc63b9000 	C:\WINDOWS\System32\KERNEL32.DLL
0x00007fffc5310000 - 0x00007fffc56ff000 	C:\WINDOWS\System32\KERNELBASE.dll
0x00007fffc59f0000 - 0x00007fffc5b3b000 	C:\WINDOWS\System32\ucrtbase.dll
0x00007fff79700000 - 0x00007fff79719000 	C:\Program Files\Java\jdk-21\bin\jli.dll
0x00007fffc6f80000 - 0x00007fffc7034000 	C:\WINDOWS\System32\ADVAPI32.dll
0x00007fffc70f0000 - 0x00007fffc7199000 	C:\WINDOWS\System32\msvcrt.dll
0x00007fffc7040000 - 0x00007fffc70e6000 	C:\WINDOWS\System32\sechost.dll
0x00007fff8ad50000 - 0x00007fff8ad6b000 	C:\Program Files\Java\jdk-21\bin\VCRUNTIME140.dll
0x00007fffc71a0000 - 0x00007fffc72b8000 	C:\WINDOWS\System32\RPCRT4.dll
0x00007fffc7ca0000 - 0x00007fffc7e65000 	C:\WINDOWS\System32\USER32.dll
0x00007fffc5710000 - 0x00007fffc5737000 	C:\WINDOWS\System32\win32u.dll
0x00007fffc7510000 - 0x00007fffc753b000 	C:\WINDOWS\System32\GDI32.dll
0x00007fffc5b40000 - 0x00007fffc5c6c000 	C:\WINDOWS\System32\gdi32full.dll
0x00007fffc5c70000 - 0x00007fffc5d13000 	C:\WINDOWS\System32\msvcp_win.dll
0x00007fffa95a0000 - 0x00007fffa9833000 	C:\WINDOWS\WinSxS\amd64_microsoft.windows.common-controls_6595b64144ccf1df_6.0.26100.7309_none_3e05feeae336a044\COMCTL32.dll
0x00007fffbdbc0000 - 0x00007fffbdbcb000 	C:\WINDOWS\SYSTEM32\VERSION.dll
0x00007fffc6c20000 - 0x00007fffc6c51000 	C:\WINDOWS\System32\IMM32.DLL
0x00007fffbd120000 - 0x00007fffbd12c000 	C:\Program Files\Java\jdk-21\bin\vcruntime140_1.dll
0x00007fff766c0000 - 0x00007fff7674e000 	C:\Program Files\Java\jdk-21\bin\msvcp140.dll
0x00007fff05d20000 - 0x00007fff06a3d000 	C:\Program Files\Java\jdk-21\bin\server\jvm.dll
0x00007fffc6270000 - 0x00007fffc62e4000 	C:\WINDOWS\System32\WS2_32.dll
0x00007fffbd3f0000 - 0x00007fffbd425000 	C:\WINDOWS\SYSTEM32\WINMM.dll
0x00007fffc4f30000 - 0x00007fffc4f8e000 	C:\WINDOWS\SYSTEM32\POWRPROF.dll
0x00007fffc4f10000 - 0x00007fffc4f24000 	C:\WINDOWS\SYSTEM32\UMPDC.dll
0x00007fffc3e80000 - 0x00007fffc3e9b000 	C:\WINDOWS\SYSTEM32\kernel.appcore.dll
0x00007fffa68c0000 - 0x00007fffa68ca000 	C:\Program Files\Java\jdk-21\bin\jimage.dll
0x00007fffb7560000 - 0x00007fffb77a2000 	C:\WINDOWS\SYSTEM32\DBGHELP.DLL
0x00007fffc5d40000 - 0x00007fffc60c6000 	C:\WINDOWS\System32\combase.dll
0x00007fffc6e10000 - 0x00007fffc6ee6000 	C:\WINDOWS\System32\OLEAUT32.dll
0x00007fffa8e80000 - 0x00007fffa8ebc000 	C:\WINDOWS\SYSTEM32\dbgcore.DLL
0x00007fffc57d0000 - 0x00007fffc5875000 	C:\WINDOWS\System32\bcryptPrimitives.dll
0x00007fffc2130000 - 0x00007fffc213f000 	C:\Program Files\Java\jdk-21\bin\instrument.dll
0x00007fff796d0000 - 0x00007fff796ef000 	C:\Program Files\Java\jdk-21\bin\java.dll

dbghelp: loaded successfully - version: 4.0.5 - missing functions: none
symbol engine: initialized successfully - sym options: 0x614 - pdb path: .;C:\Program Files\Java\jdk-21\bin;C:\WINDOWS\SYSTEM32;C:\WINDOWS\WinSxS\amd64_microsoft.windows.common-controls_6595b64144ccf1df_6.0.26100.7309_none_3e05feeae336a044;C:\Program Files\Java\jdk-21\bin\server

VM Arguments:
jvm_args: -javaagent:C:\Program Files\JetBrains\IntelliJ IDEA 2025.2.4\lib\idea_rt.jar=59530 -Dfile.encoding=UTF-8 -Dsun.stdout.encoding=UTF-8 -Dsun.stderr.encoding=UTF-8 
java_command: com.config.configserver.ConfigserverApplication
java_class_path (initial): D:\Playground\V1-springboot\configserver\target\classes;C:\Users\KERLPTP-19\.m2\repository\org\springframework\cloud\spring-cloud-config-server\5.0.0\spring-cloud-config-server-5.0.0.jar;C:\Users\KERLPTP-19\.m2\repository\org\springframework\cloud\spring-cloud-config-client\5.0.0\spring-cloud-config-client-5.0.0.jar;C:\Users\KERLPTP-19\.m2\repository\org\springframework\boot\spring-boot-autoconfigure\4.0.2\spring-boot-autoconfigure-4.0.2.jar;C:\Users\KERLPTP-19\.m2\repository\org\springframework\cloud\spring-cloud-starter\5.0.0\spring-cloud-starter-5.0.0.jar;C:\Users\KERLPTP-19\.m2\repository\org\springframework\cloud\spring-cloud-context\5.0.0\spring-cloud-context-5.0.0.jar;C:\Users\KERLPTP-19\.m2\repository\org\springframework\cloud\spring-cloud-commons\5.0.0\spring-cloud-commons-5.0.0.jar;C:\Users\KERLPTP-19\.m2\repository\org\bouncycastle\bcprov-jdk18on\1.81\bcprov-jdk18on-1.81.jar;C:\Users\KERLPTP-19\.m2\repository\org\springframework\spring-web\7.0.3\spring-web-7.0.3.jar;C:\Users\KERLPTP-19\.m2\repository\org\springframework\spring-beans\7.0.3\spring-beans-7.0.3.jar;C:\Users\KERLPTP-19\.m2\repository\com\fasterxml\jackson\core\jackson-annotations\2.20\jackson-annotations-2.20.jar;C:\Users\KERLPTP-19\.m2\repository\tools\jackson\core\jackson-databind\3.0.4\jackson-databind-3.0.4.jar;C:\Users\KERLPTP-19\.m2\repository\io\micrometer\micrometer-observation\1.16.2\micrometer-observation-1.16.2.jar;C:\Users\KERLPTP-19\.m2\repository\org\jspecify\jspecify\1.0.0\jspecify-1.0.0.jar;C:\Users\KERLPTP-19\.m2\repository\io\micrometer\micrometer-commons\1.16.2\micrometer-commons-1.16.2.jar;C:\Users\KERLPTP-19\.m2\repository\org\springframework\boot\spring-boot-starter-web\4.0.2\spring-boot-starter-web-4.0.2.jar;C:\Users\KERLPTP-19\.m2\repository\org\springframework\boot\spring-boot-starter-jackson\4.0.2\spring-boot-starter-jackson-4.0.2.jar;C:\Users\KERLPTP-19\.m2\repository\org\springframework\boot\spring-boot-jackson\4.0.2\spring-boot-jackson-4.0.2.jar;C:\Users\KERLPTP-19\.m2\repository\org\springframework\boot\spring-boot-starter-tomcat\4.0.2\spring-boot-starter-tomcat-4.0.2.jar;C:\Users\KERLPTP-19\.m2\repository\org\springframework\boot\spring-boot-starter-tomcat-runtime\4.0.2\spring-boot-starter-tomcat-runtime-4.0.2.jar;C:\Users\KERLPTP-19\.m2\repository\org\springframework\boot\spring-boot-web-server\4.0.2\spring-boot-web-server-4.0.2.jar;C:\Users\KERLPTP-19\.m2\repository\org\apache\tomcat\embed\tomcat-embed-core\11.0.15\tomcat-embed-core-11.0.15.jar;C:\Users\KERLPTP-19\.m2\repository\org\apache\tomcat\embed\tomcat-embed-websocket\11.0.15\tomcat-embed-websocket-11.0.15.jar;C:\Users\KERLPTP-19\.m2\repository\org\springframework\boot\spring-boot-tomcat\4.0.2\spring-boot-tomcat-4.0.2.jar;C:\Users\KERLPTP-19\.m2\repository\org\springframework\boot\spring-boot-http-converter\4.0.2\spring-boot-http-converter-4.0.2.jar;C:\Users\KERLPTP-19\.m2\repository\org\springframework\boot\spring-boot-webmvc\4.0.2\spring-boot-webmvc-4.0.2.jar;C:\Users\KERLPTP-19\.m2\repository\org\springframework\boot\spring-boot-servlet\4.0.2\spring-boot-servlet-4.0.2.jar;C:\Users\KERLPTP-19\.m2\repository\org\springframework\spring-webmvc\7.0.3\spring-webmvc-7.0.3.jar;C:\Users\KERLPTP-19\.m2\repository\org\springframework\spring-aop\7.0.3\spring-aop-7.0.3.jar;C:\Users\KERLPTP-19\.m2\repository\org\springframework\spring-expression\7.0.3\spring-expression-7.0.3.jar;C:\Users\KERLPTP-19\.m2\repository\org\springframework\boot\spring-boot-starter-validation\4.0.2\spring-boot-starter-validation-4.0.2.jar;C:\Users\KERLPTP-19\.m2\repository\org\springframework\boot\spring-boot-validation\4.0.2\spring-boot-validation-4.0.2.jar;C:\Users\KERLPTP-19\.m2\repository\org\apache\tomcat\embed\tomcat-embed-el\11.0.15\tomcat-embed-el-11.0.15.jar;C:\Users\KERLPTP-19\.m2\repository\org\hibernate\validator\hibernate-validator\9.0.1.Final\hibernate-validator-9.0.1.Final.jar;C:\Users\KERLPTP-19\.m2\repository\jakarta\validation\jakarta.validation-api\3.1.1\jakarta.validation-api-3.1.1.jar;C:\Users\KERLPTP-19\.m2\repository\org\jboss\logging\jboss-logging\3.6.1.Final\jboss-logging-3.6.1.Final.jar;C:\Users\KERLPTP-19\.m2\repository\com\fasterxml\classmate\1.7.3\classmate-1.7.3.jar;C:\Users\KERLPTP-19\.m2\repository\org\springframework\security\spring-security-crypto\7.0.2\spring-security-crypto-7.0.2.jar;C:\Users\KERLPTP-19\.m2\repository\org\apache\httpcomponents\client5\httpclient5\5.5.2\httpclient5-5.5.2.jar;C:\Users\KERLPTP-19\.m2\repository\org\apache\httpcomponents\core5\httpcore5\5.3.6\httpcore5-5.3.6.jar;C:\Users\KERLPTP-19\.m2\repository\org\apache\httpcomponents\core5\httpcore5-h2\5.3.6\httpcore5-h2-5.3.6.jar;C:\Users\KERLPTP-19\.m2\repository\org\slf4j\slf4j-api\2.0.17\slf4j-api-2.0.17.jar;C:\Users\KERLPTP-19\.m2\repository\org\eclipse\jgit\org.eclipse.jgit\7.4.0.202509020913-r\org.eclipse.jgit-7.4.0.202509020913-r.jar;C:\Users\KERLPTP-19\.m2\repository\com\googlecode\javaewah\JavaEWAH\1.2.3\JavaEWAH-1.2.3.jar;C:\Users\KERLPTP-19\.m2\repository\commons-codec\commons-codec\1.19.0\commons-codec-1.19.0.jar;C:\Users\KERLPTP-19\.m2\repository\org\eclipse\jgit\org.eclipse.jgit.http.apache\7.4.0.202509020913-r\org.eclipse.jgit.http.apache-7.4.0.202509020913-r.jar;C:\Users\KERLPTP-19\.m2\repository\org\apache\httpcomponents\httpclient\4.5.14\httpclient-4.5.14.jar;C:\Users\KERLPTP-19\.m2\repository\org\apache\httpcomponents\httpcore\4.4.16\httpcore-4.4.16.jar;C:\Users\KERLPTP-19\.m2\repository\org\eclipse\jgit\org.eclipse.jgit.ssh.apache\7.4.0.202509020913-r\org.eclipse.jgit.ssh.apache-7.4.0.202509020913-r.jar;C:\Users\KERLPTP-19\.m2\repository\org\apache\sshd\sshd-osgi\2.16.0\sshd-osgi-2.16.0.jar;C:\Users\KERLPTP-19\.m2\repository\org\slf4j\jcl-over-slf4j\2.0.17\jcl-over-slf4j-2.0.17.jar;C:\Users\KERLPTP-19\.m2\repository\org\apache\sshd\sshd-sftp\2.16.0\sshd-sftp-2.16.0.jar;C:\Users\KERLPTP-19\.m2\repository\org\yaml\snakeyaml\2.5\snakeyaml-2.5.jar;C:\Users\KERLPTP-19\.m2\repository\tools\jackson\dataformat\jackson-dataformat-yaml\3.0.4\jackson-dataformat-yaml-3.0.4.jar;C:\Users\KERLPTP-19\.m2\repository\tools\jackson\core\jackson-core\3.0.4\jackson-core-3.0.4.jar;C:\Users\KERLPTP-19\.m2\repository\org\snakeyaml\snakeyaml-engine\2.10\snakeyaml-engine-2.10.jar;C:\Users\KERLPTP-19\.m2\repository\org\springframework\boot\spring-boot-starter\4.0.2\spring-boot-starter-4.0.2.jar;C:\Users\KERLPTP-19\.m2\repository\org\springframework\boot\spring-boot-starter-logging\4.0.2\spring-boot-starter-logging-4.0.2.jar;C:\Users\KERLPTP-19\.m2\repository\ch\qos\logback\logback-classic\1.5.25\logback-classic-1.5.25.jar;C:\Users\KERLPTP-19\.m2\repository\ch\qos\logback\logback-core\1.5.25\logback-core-1.5.25.jar;C:\Users\KERLPTP-19\.m2\repository\org\apache\logging\log4j\log4j-to-slf4j\2.25.3\log4j-to-slf4j-2.25.3.jar;C:\Users\KERLPTP-19\.m2\repository\org\apache\logging\log4j\log4j-api\2.25.3\log4j-api-2.25.3.jar;C:\Users\KERLPTP-19\.m2\repository\org\slf4j\jul-to-slf4j\2.0.17\jul-to-slf4j-2.0.17.jar;C:\Users\KERLPTP-19\.m2\repository\jakarta\annotation\jakarta.annotation-api\3.0.0\jakarta.annotation-api-3.0.0.jar;C:\Users\KERLPTP-19\.m2\repository\org\springframework\boot\spring-boot\4.0.2\spring-boot-4.0.2.jar;C:\Users\KERLPTP-19\.m2\repository\org\springframework\spring-context\7.0.3\spring-context-7.0.3.jar;C:\Users\KERLPTP-19\.m2\repository\org\springframework\spring-core\7.0.3\spring-core-7.0.3.jar;C:\Users\KERLPTP-19\.m2\repository\commons-logging\commons-logging\1.3.5\commons-logging-1.3.5.jar
Launcher Type: SUN_STANDARD

[Global flags]
     intx CICompilerCount                          = 12                                        {product} {ergonomic}
     uint ConcGCThreads                            = 3                                         {product} {ergonomic}
     uint G1ConcRefinementThreads                  = 13                                        {product} {ergonomic}
   size_t G1HeapRegionSize                         = 4194304                                   {product} {ergonomic}
    uintx GCDrainStackTargetSize                   = 64                                        {product} {ergonomic}
   size_t InitialHeapSize                          = 394264576                                 {product} {ergonomic}
   size_t MarkStackSize                            = 4194304                                   {product} {ergonomic}
   size_t MaxHeapSize                              = 6274678784                                {product} {ergonomic}
   size_t MinHeapDeltaBytes                        = 4194304                                   {product} {ergonomic}
   size_t MinHeapSize                              = 8388608                                   {product} {ergonomic}
    uintx NonNMethodCodeHeapSize                   = 7602480                                {pd product} {ergonomic}
    uintx NonProfiledCodeHeapSize                  = 122027880                              {pd product} {ergonomic}
    uintx ProfiledCodeHeapSize                     = 122027880                              {pd product} {ergonomic}
    uintx ReservedCodeCacheSize                    = 251658240                              {pd product} {ergonomic}
     bool SegmentedCodeCache                       = true                                      {product} {ergonomic}
   size_t SoftMaxHeapSize                          = 6274678784                             {manageable} {ergonomic}
     bool UseCompressedOops                        = true                           {product lp64_product} {ergonomic}
     bool UseG1GC                                  = true                                      {product} {ergonomic}
     bool UseLargePagesIndividualAllocation        = false                                  {pd product} {ergonomic}

Logging:
Log output configuration:
 #0: stdout all=warning uptime,level,tags foldmultilines=false
 #1: stderr all=off uptime,level,tags foldmultilines=false

Environment Variables:
JAVA_HOME=C:\Users\KERLPTP-19\.jdks\jdk-21.0.2+13
PATH=C:\Program Files\Common Files\Oracle\Java\javapath;C:\windows\system32;C:\windows;C:\windows\System32\Wbem;C:\windows\System32\WindowsPowerShell\v1.0\;C:\windows\System32\OpenSSH\;C:\Program Files (x86)\NVIDIA Corporation\PhysX\Common;C:\Program Files\NVIDIA Corporation\NVIDIA NvDLISR;C:\WINDOWS\system32;C:\WINDOWS;C:\WINDOWS\System32\Wbem;C:\WINDOWS\System32\WindowsPowerShell\v1.0\;C:\WINDOWS\System32\OpenSSH\;C:\Program Files\nodejs\;C:\Program Files\MongoDB\Server\7.0\bin;C:\Users\KERLPTP-19\Downloads\apache-maven-3.9.9-bin\apache-maven-3.9.9\bin;C:\Program Files\Java\jdk-17\bin;C:\Program Files\PostgreSQL\17\bin;C:\Program Files\Docker\Docker\resources\bin;C:\Users\KERLPTP-19\confluent-8.0.0\bin\windows;C:\Users\KERLPTP-19\AppData\Local\Microsoft\WindowsApps;C:\Users\KERLPTP-19\AppData\Local\Programs\Microsoft VS Code\bin;C:\Users\KERLPTP-19\AppData\Roaming\npm;C:\Users\KERLPTP-19\AppData\Local\Programs\Git\cmd;C:\Users\KERLPTP-19\AppData\Local\GitHubDesktop\bin;C:\Users\KERLPTP-19\.jdks\jdk-21.0.2+13\bin;C:\Users\KERLPTP-19\.maven\apache-maven-3.9.6\bin;C:\Users\KERLPTP-19\.nodejs\node-v22.2.0-win-x64
USERNAME=KERLPTP-19
OS=Windows_NT
PROCESSOR_IDENTIFIER=AMD64 Family 23 Model 96 Stepping 1, AuthenticAMD
TMP=C:\Users\KERLPT~1\AppData\Local\Temp
TEMP=C:\Users\KERLPT~1\AppData\Local\Temp




Periodic native trim disabled

---------------  S Y S T E M  ---------------

OS:
 Windows 11 , 64 bit Build 26100 (10.0.26100.7623)
OS uptime: 0 days 12:55 hours
Hyper-V role detected

CPU: total 16 (initial active 16) (16 cores per cpu, 2 threads per core) family 23 model 96 stepping 1 microcode 0x8600106, cx8, cmov, fxsr, ht, mmx, 3dnowpref, sse, sse2, sse3, ssse3, sse4a, sse4.1, sse4.2, popcnt, lzcnt, tsc, tscinvbit, avx, avx2, aes, clmul, bmi1, bmi2, adx, sha, fma, vzeroupper, clflush, clflushopt, hv, rdtscp, rdpid, f16c
Processor Information for all 16 processors :
  Max Mhz: 2900, Current Mhz: 2900, Mhz Limit: 2900

Memory: 4k page, system-wide physical 23924M (5604M free)
TotalPageFile size 97652M (AvailPageFile size 217M)
current process WorkingSet (physical memory assigned to process): 13M, peak: 13M
current process commit charge ("private bytes"): 70M, peak: 446M

vm_info: Java HotSpot(TM) 64-Bit Server VM (21.0.9+7-LTS-338) for windows-amd64 JRE (21.0.9+7-LTS-338), built on 2025-09-26T06:33:49Z by "mach5run" with MS VC++ 17.6 (VS2022)

END.
